<?xml version="1.0" encoding="UTF-8"?>
<testsuite xmlns:xsi="http://www.w3.org/2001/XMLSchema-instance" xsi:noNamespaceSchemaLocation="https://maven.apache.org/surefire/maven-surefire-plugin/xsd/surefire-test-report.xsd" version="3.0.2" name="com.group02.mindmingle.MindmingleApplicationTests" time="6.578" tests="1" errors="0" skipped="0" failures="0">
  <properties>
[...]
</properties>
  <testcase name="contextLoads" classname="com.group02.mindmingle.MindmingleApplicationTests" time="0.43">
    <system-out><![CDATA[05:23:40.971 [main] INFO org.springframework.test.context.support.AnnotationConfigContextLoaderUtils -- Could not detect default configuration classes for test class [com.group02.mindmingle.MindmingleApplicationTests]: MindmingleApplicationTests does not declare any static, non-private, non-final, nested classes annotated with @Configuration.
05:23:41.058 [main] INFO org.springframework.boot.test.context.SpringBootTestContextBootstrapper -- Found @SpringBootConfiguration com.group02.mindmingle.MindmingleApplication for test class com.group02.mindmingle.MindmingleApplicationTests

  .   ____          _            __ _ _
 /\\ / ___'_ __ _ _(_)_ __  __ _ \ \ \ \
( ( )\___ | '_ | '_| | '_ \/ _` | \ \ \ \
 \\/  ___)| |_)| | | | | || (_| |  ) ) ) )
  '  |____| .__|_| |_|_| |_\__, | / / / /
 =========|_|==============|___/=/_/_/_/

 :: Spring Boot ::                (v3.4.3)

2025-03-18T05:23:41.475+11:00  INFO 320232 --- [mindmingle] [           main] c.g.m.MindmingleApplicationTests         : Starting MindmingleApplicationTests using Java 17.0.13 with PID 320232 (started by suoyi in D:\Myfile\Semester2025\5703_1\backend\mindmingle)
2025-03-18T05:23:41.477+11:00  INFO 320232 --- [mindmingle] [           main] c.g.m.MindmingleApplicationTests         : No active profile set, falling back to 1 default profile: "default"
2025-03-18T05:23:42.203+11:00  INFO 320232 --- [mindmingle] [           main] .s.d.r.c.RepositoryConfigurationDelegate : Bootstrapping Spring Data JPA repositories in DEFAULT mode.
2025-03-18T05:23:42.284+11:00  INFO 320232 --- [mindmingle] [           main] .s.d.r.c.RepositoryConfigurationDelegate : Finished Spring Data repository scanning in 69 ms. Found 2 JPA repository interfaces.
2025-03-18T05:23:42.927+11:00  INFO 320232 --- [mindmingle] [           main] o.hibernate.jpa.internal.util.LogHelper  : HHH000204: Processing PersistenceUnitInfo [name: default]
2025-03-18T05:23:43.015+11:00  INFO 320232 --- [mindmingle] [           main] org.hibernate.Version                    : HHH000412: Hibernate ORM core version 6.6.8.Final
2025-03-18T05:23:43.082+11:00  INFO 320232 --- [mindmingle] [           main] o.h.c.internal.RegionFactoryInitiator    : HHH000026: Second-level cache disabled
2025-03-18T05:23:43.441+11:00  INFO 320232 --- [mindmingle] [           main] o.s.o.j.p.SpringPersistenceUnitInfo      : No LoadTimeWeaver setup: ignoring JPA class transformer
2025-03-18T05:23:43.472+11:00  INFO 320232 --- [mindmingle] [           main] com.zaxxer.hikari.HikariDataSource       : HikariPool-1 - Starting...
2025-03-18T05:23:43.776+11:00  INFO 320232 --- [mindmingle] [           main] com.zaxxer.hikari.pool.HikariPool        : HikariPool-1 - Added connection org.postgresql.jdbc.PgConnection@5be7b749
2025-03-18T05:23:43.778+11:00  INFO 320232 --- [mindmingle] [           main] com.zaxxer.hikari.HikariDataSource       : HikariPool-1 - Start completed.
2025-03-18T05:23:43.807+11:00  WARN 320232 --- [mindmingle] [           main] org.hibernate.orm.deprecation            : HHH90000025: PostgreSQLDialect does not need to be specified explicitly using 'hibernate.dialect' (remove the property setting and it will be selected by default)
2025-03-18T05:23:43.823+11:00  INFO 320232 --- [mindmingle] [           main] org.hibernate.orm.connections.pooling    : HHH10001005: Database info:
	Database JDBC URL [Connecting through datasource 'HikariDataSource (HikariPool-1)']
	Database driver: undefined/unknown
	Database version: 16.2
	Autocommit mode: undefined/unknown
	Isolation level: undefined/unknown
	Minimum pool size: undefined/unknown
	Maximum pool size: undefined/unknown
2025-03-18T05:23:43.829+11:00 DEBUG 320232 --- [mindmingle] [           main] o.h.t.d.sql.spi.DdlTypeRegistry          : addDescriptor(2003, org.hibernate.type.descriptor.sql.internal.ArrayDdlTypeImpl@3a72e2e8) replaced previous registration(org.hibernate.type.descriptor.sql.internal.ArrayDdlTypeImpl@42401b81)
2025-03-18T05:23:43.829+11:00 DEBUG 320232 --- [mindmingle] [           main] o.h.t.d.sql.spi.DdlTypeRegistry          : addDescriptor(6, org.hibernate.type.descriptor.sql.internal.CapacityDependentDdlType@f1d1463) replaced previous registration(org.hibernate.type.descriptor.sql.internal.DdlTypeImpl@47ef5a33)
2025-03-18T05:23:44.571+11:00  INFO 320232 --- [mindmingle] [           main] o.h.e.t.j.p.i.JtaPlatformInitiator       : HHH000489: No JTA platform available (set 'hibernate.transaction.jta.platform' to enable JTA platform integration)
2025-03-18T05:23:44.697+11:00  INFO 320232 --- [mindmingle] [           main] j.LocalContainerEntityManagerFactoryBean : Initialized JPA EntityManagerFactory for persistence unit 'default'
2025-03-18T05:23:45.305+11:00  WARN 320232 --- [mindmingle] [           main] o.s.aop.framework.CglibAopProxy          : Unable to proxy interface-implementing method [public final void org.springframework.web.filter.OncePerRequestFilter.doFilter(jakarta.servlet.ServletRequest,jakarta.servlet.ServletResponse,jakarta.servlet.FilterChain) throws jakarta.servlet.ServletException,java.io.IOException] because it is marked as final, consider using interface-based JDK proxies instead.
2025-03-18T05:23:45.305+11:00  WARN 320232 --- [mindmingle] [           main] o.s.aop.framework.CglibAopProxy          : Unable to proxy interface-implementing method [public final void org.springframework.web.filter.GenericFilterBean.init(jakarta.servlet.FilterConfig) throws jakarta.servlet.ServletException] because it is marked as final, consider using interface-based JDK proxies instead.
2025-03-18T05:23:45.372+11:00  INFO 320232 --- [mindmingle] [           main] eAuthenticationProviderManagerConfigurer : Global AuthenticationManager configured with AuthenticationProvider bean with name authenticationProvider
2025-03-18T05:23:45.373+11:00  WARN 320232 --- [mindmingle] [           main] r$InitializeUserDetailsManagerConfigurer : Global AuthenticationManager configured with an AuthenticationProvider bean. UserDetailsService beans will not be used by Spring Security for automatically configuring username/password login. Consider removing the AuthenticationProvider bean. Alternatively, consider using the UserDetailsService in a manually instantiated DaoAuthenticationProvider. If the current configuration is intentional, to turn off this warning, increase the logging level of 'org.springframework.security.config.annotation.authentication.configuration.InitializeUserDetailsBeanManagerConfigurer' to ERROR
2025-03-18T05:23:45.415+11:00  WARN 320232 --- [mindmingle] [           main] JpaBaseConfiguration$JpaWebConfiguration : spring.jpa.open-in-view is enabled by default. Therefore, database queries may be performed during view rendering. Explicitly configure spring.jpa.open-in-view to disable this warning
2025-03-18T05:23:46.526+11:00  INFO 320232 --- [mindmingle] [           main] c.g.m.MindmingleApplicationTests         : Started MindmingleApplicationTests in 5.326 seconds (process running for 6.49)
2025-03-18T05:23:46.532+11:00  INFO 320232 --- [mindmingle] [           main] c.g.mindmingle.config.DataInitializer    : 开始初始化角色...
2025-03-18T05:23:46.887+11:00 DEBUG 320232 --- [mindmingle] [           main] org.hibernate.SQL                        : select count(*) from roles r1_0
Hibernate: select count(*) from roles r1_0
2025-03-18T05:23:46.900+11:00  INFO 320232 --- [mindmingle] [           main] c.g.mindmingle.config.DataInitializer    : 角色已存在，跳过初始化
2025-03-18T05:23:46.900+11:00  INFO 320232 --- [mindmingle] [           main] c.g.mindmingle.config.DataInitializer    : 开始初始化管理员账户...
2025-03-18T05:23:46.951+11:00 DEBUG 320232 --- [mindmingle] [           main] org.hibernate.SQL                        : select u1_0.id from users u1_0 where u1_0.username=? fetch first ? rows only
Hibernate: select u1_0.id from users u1_0 where u1_0.username=? fetch first ? rows only
2025-03-18T05:23:46.955+11:00  INFO 320232 --- [mindmingle] [           main] c.g.mindmingle.config.DataInitializer    : 管理员账户已存在，跳过初始化
]]></system-out>
  </testcase>
</testsuite>